running egg_info
creating build/armando_gazebo/armando_gazebo.egg-info
writing build/armando_gazebo/armando_gazebo.egg-info/PKG-INFO
writing dependency_links to build/armando_gazebo/armando_gazebo.egg-info/dependency_links.txt
writing entry points to build/armando_gazebo/armando_gazebo.egg-info/entry_points.txt
writing requirements to build/armando_gazebo/armando_gazebo.egg-info/requires.txt
writing top-level names to build/armando_gazebo/armando_gazebo.egg-info/top_level.txt
writing manifest file 'build/armando_gazebo/armando_gazebo.egg-info/SOURCES.txt'
reading manifest file 'build/armando_gazebo/armando_gazebo.egg-info/SOURCES.txt'
writing manifest file 'build/armando_gazebo/armando_gazebo.egg-info/SOURCES.txt'
running build
running build_py
creating /home/user/ros2_ws/src/armando_gazebo/build/armando_gazebo/build
creating /home/user/ros2_ws/src/armando_gazebo/build/armando_gazebo/build/lib
creating /home/user/ros2_ws/src/armando_gazebo/build/armando_gazebo/build/lib/armando_gazebo
copying armando_gazebo/__init__.py -> /home/user/ros2_ws/src/armando_gazebo/build/armando_gazebo/build/lib/armando_gazebo
running install
running install_lib
creating /home/user/ros2_ws/src/armando_gazebo/install/armando_gazebo/lib/python3.10/site-packages/armando_gazebo
copying /home/user/ros2_ws/src/armando_gazebo/build/armando_gazebo/build/lib/armando_gazebo/__init__.py -> /home/user/ros2_ws/src/armando_gazebo/install/armando_gazebo/lib/python3.10/site-packages/armando_gazebo
byte-compiling /home/user/ros2_ws/src/armando_gazebo/install/armando_gazebo/lib/python3.10/site-packages/armando_gazebo/__init__.py to __init__.cpython-310.pyc
running install_data
creating /home/user/ros2_ws/src/armando_gazebo/install/armando_gazebo/share/ament_index
creating /home/user/ros2_ws/src/armando_gazebo/install/armando_gazebo/share/ament_index/resource_index
creating /home/user/ros2_ws/src/armando_gazebo/install/armando_gazebo/share/ament_index/resource_index/packages
copying resource/armando_gazebo -> /home/user/ros2_ws/src/armando_gazebo/install/armando_gazebo/share/ament_index/resource_index/packages
copying package.xml -> /home/user/ros2_ws/src/armando_gazebo/install/armando_gazebo/share/armando_gazebo
creating /home/user/ros2_ws/src/armando_gazebo/install/armando_gazebo/share/armando_gazebo/launch
copying launch/armando_world.launch.py -> /home/user/ros2_ws/src/armando_gazebo/install/armando_gazebo/share/armando_gazebo/launch
creating /home/user/ros2_ws/src/armando_gazebo/install/armando_gazebo/share/armando_gazebo/urdf
copying urdf/armando_camera.xacro -> /home/user/ros2_ws/src/armando_gazebo/install/armando_gazebo/share/armando_gazebo/urdf
creating /home/user/ros2_ws/src/armando_gazebo/install/armando_gazebo/share/armando_gazebo/config
running install_egg_info
Copying build/armando_gazebo/armando_gazebo.egg-info to /home/user/ros2_ws/src/armando_gazebo/install/armando_gazebo/lib/python3.10/site-packages/armando_gazebo-0.0.0-py3.10.egg-info
running install_scripts
writing list of installed files to '/home/user/ros2_ws/src/armando_gazebo/build/armando_gazebo/install.log'
