[0.341s] Invoking command in '/home/user/ros2_ws/src/armando_gazebo': PYTHONPATH=/home/user/ros2_ws/src/armando_gazebo/build/armando_gazebo/prefix_override:/usr/lib/python3/dist-packages/colcon_core/task/python/colcon_distutils_commands:/home/user/ros2_ws/src/armando_gazebo/install/armando_gazebo/lib/python3.10/site-packages:${PYTHONPATH} /usr/bin/python3 -W ignore:setup.py install is deprecated -W ignore:easy_install command is deprecated setup.py egg_info --egg-base build/armando_gazebo build --build-base /home/user/ros2_ws/src/armando_gazebo/build/armando_gazebo/build install --record /home/user/ros2_ws/src/armando_gazebo/build/armando_gazebo/install.log --single-version-externally-managed install_data
[0.434s] running egg_info
[0.434s] creating build/armando_gazebo/armando_gazebo.egg-info
[0.434s] writing build/armando_gazebo/armando_gazebo.egg-info/PKG-INFO
[0.434s] writing dependency_links to build/armando_gazebo/armando_gazebo.egg-info/dependency_links.txt
[0.434s] writing entry points to build/armando_gazebo/armando_gazebo.egg-info/entry_points.txt
[0.434s] writing requirements to build/armando_gazebo/armando_gazebo.egg-info/requires.txt
[0.434s] writing top-level names to build/armando_gazebo/armando_gazebo.egg-info/top_level.txt
[0.434s] writing manifest file 'build/armando_gazebo/armando_gazebo.egg-info/SOURCES.txt'
[0.435s] reading manifest file 'build/armando_gazebo/armando_gazebo.egg-info/SOURCES.txt'
[0.435s] writing manifest file 'build/armando_gazebo/armando_gazebo.egg-info/SOURCES.txt'
[0.436s] running build
[0.436s] running build_py
[0.436s] creating /home/user/ros2_ws/src/armando_gazebo/build/armando_gazebo/build
[0.436s] creating /home/user/ros2_ws/src/armando_gazebo/build/armando_gazebo/build/lib
[0.436s] creating /home/user/ros2_ws/src/armando_gazebo/build/armando_gazebo/build/lib/armando_gazebo
[0.436s] copying armando_gazebo/__init__.py -> /home/user/ros2_ws/src/armando_gazebo/build/armando_gazebo/build/lib/armando_gazebo
[0.436s] running install
[0.436s] running install_lib
[0.436s] creating /home/user/ros2_ws/src/armando_gazebo/install/armando_gazebo/lib/python3.10/site-packages/armando_gazebo
[0.437s] copying /home/user/ros2_ws/src/armando_gazebo/build/armando_gazebo/build/lib/armando_gazebo/__init__.py -> /home/user/ros2_ws/src/armando_gazebo/install/armando_gazebo/lib/python3.10/site-packages/armando_gazebo
[0.437s] byte-compiling /home/user/ros2_ws/src/armando_gazebo/install/armando_gazebo/lib/python3.10/site-packages/armando_gazebo/__init__.py to __init__.cpython-310.pyc
[0.437s] running install_data
[0.437s] creating /home/user/ros2_ws/src/armando_gazebo/install/armando_gazebo/share/ament_index
[0.437s] creating /home/user/ros2_ws/src/armando_gazebo/install/armando_gazebo/share/ament_index/resource_index
[0.437s] creating /home/user/ros2_ws/src/armando_gazebo/install/armando_gazebo/share/ament_index/resource_index/packages
[0.437s] copying resource/armando_gazebo -> /home/user/ros2_ws/src/armando_gazebo/install/armando_gazebo/share/ament_index/resource_index/packages
[0.437s] copying package.xml -> /home/user/ros2_ws/src/armando_gazebo/install/armando_gazebo/share/armando_gazebo
[0.438s] creating /home/user/ros2_ws/src/armando_gazebo/install/armando_gazebo/share/armando_gazebo/launch
[0.438s] copying launch/armando_world.launch.py -> /home/user/ros2_ws/src/armando_gazebo/install/armando_gazebo/share/armando_gazebo/launch
[0.438s] creating /home/user/ros2_ws/src/armando_gazebo/install/armando_gazebo/share/armando_gazebo/urdf
[0.438s] copying urdf/armando_camera.xacro -> /home/user/ros2_ws/src/armando_gazebo/install/armando_gazebo/share/armando_gazebo/urdf
[0.438s] creating /home/user/ros2_ws/src/armando_gazebo/install/armando_gazebo/share/armando_gazebo/config
[0.438s] running install_egg_info
[0.439s] Copying build/armando_gazebo/armando_gazebo.egg-info to /home/user/ros2_ws/src/armando_gazebo/install/armando_gazebo/lib/python3.10/site-packages/armando_gazebo-0.0.0-py3.10.egg-info
[0.441s] running install_scripts
[0.451s] writing list of installed files to '/home/user/ros2_ws/src/armando_gazebo/build/armando_gazebo/install.log'
[0.462s] Invoked command in '/home/user/ros2_ws/src/armando_gazebo' returned '0': PYTHONPATH=/home/user/ros2_ws/src/armando_gazebo/build/armando_gazebo/prefix_override:/usr/lib/python3/dist-packages/colcon_core/task/python/colcon_distutils_commands:/home/user/ros2_ws/src/armando_gazebo/install/armando_gazebo/lib/python3.10/site-packages:${PYTHONPATH} /usr/bin/python3 -W ignore:setup.py install is deprecated -W ignore:easy_install command is deprecated setup.py egg_info --egg-base build/armando_gazebo build --build-base /home/user/ros2_ws/src/armando_gazebo/build/armando_gazebo/build install --record /home/user/ros2_ws/src/armando_gazebo/build/armando_gazebo/install.log --single-version-externally-managed install_data
